[debug] [2020-12-22T03:59:15.255Z] ----------------------------------------------------------------------
[debug] [2020-12-22T03:59:15.257Z] Command:       C:\Program Files\nodejs\node.exe C:\Users\Probe\AppData\Roaming\npm\node_modules\firebase-tools\lib\bin\firebase.js init
[debug] [2020-12-22T03:59:15.257Z] CLI Version:   9.1.0
[debug] [2020-12-22T03:59:15.257Z] Platform:      win32
[debug] [2020-12-22T03:59:15.257Z] Node Version:  v14.15.1
[debug] [2020-12-22T03:59:15.258Z] Time:          Tue Dec 22 2020 05:59:15 GMT+0200 (Israel Standard Time)
[debug] [2020-12-22T03:59:15.258Z] ----------------------------------------------------------------------
[debug] [2020-12-22T03:59:15.258Z] 
[debug] [2020-12-22T03:59:15.263Z] > command requires scopes: ["email","openid","https://www.googleapis.com/auth/cloudplatformprojects.readonly","https://www.googleapis.com/auth/firebase","https://www.googleapis.com/auth/cloud-platform"]
[debug] [2020-12-22T03:59:15.264Z] > authorizing via signed-in user
[info] 
     ######## #### ########  ######## ########     ###     ######  ########
     ##        ##  ##     ## ##       ##     ##  ##   ##  ##       ##
     ######    ##  ########  ######   ########  #########  ######  ######
     ##        ##  ##    ##  ##       ##     ## ##     ##       ## ##
     ##       #### ##     ## ######## ########  ##     ##  ######  ########

You're about to initialize a Firebase project in this directory:

  C:\Users\Probe\Documents\Development\Angular\HileoHub

Before we get started, keep in mind:

  * You are initializing in an existing Firebase project directory

